  [1m[35m (0.1ms)[0m  [1m[34mSELECT sqlite_version(*)[0m
  ↳ /home/mike/.rvm/gems/ruby-2.5.1@global/bin/rake:23
  [1m[35m (30.1ms)[0m  [1m[35mCREATE TABLE "schema_migrations" ("version" varchar NOT NULL PRIMARY KEY)[0m
  ↳ /home/mike/.rvm/gems/ruby-2.5.1@global/bin/rake:23
  [1m[35m (30.0ms)[0m  [1m[35mCREATE TABLE "ar_internal_metadata" ("key" varchar NOT NULL PRIMARY KEY, "value" varchar, "created_at" datetime NOT NULL, "updated_at" datetime NOT NULL)[0m
  ↳ /home/mike/.rvm/gems/ruby-2.5.1@global/bin/rake:23
  [1m[36mActiveRecord::InternalMetadata Load (0.2ms)[0m  [1m[34mSELECT  "ar_internal_metadata".* FROM "ar_internal_metadata" WHERE "ar_internal_metadata"."key" = ? LIMIT ?[0m  [["key", "environment"], ["LIMIT", 1]]
  ↳ /home/mike/.rvm/gems/ruby-2.5.1@global/bin/rake:23
  [1m[35m (0.1ms)[0m  [1m[36mbegin transaction[0m
  ↳ /home/mike/.rvm/gems/ruby-2.5.1@global/bin/rake:23
  [1m[36mActiveRecord::InternalMetadata Create (0.9ms)[0m  [1m[32mINSERT INTO "ar_internal_metadata" ("key", "value", "created_at", "updated_at") VALUES (?, ?, ?, ?)[0m  [["key", "environment"], ["value", "development"], ["created_at", "2019-04-10 18:27:45.046236"], ["updated_at", "2019-04-10 18:27:45.046236"]]
  ↳ /home/mike/.rvm/gems/ruby-2.5.1@global/bin/rake:23
  [1m[35m (24.7ms)[0m  [1m[36mcommit transaction[0m
  ↳ /home/mike/.rvm/gems/ruby-2.5.1@global/bin/rake:23
  [1m[35m (0.1ms)[0m  [1m[34mSELECT "schema_migrations"."version" FROM "schema_migrations" ORDER BY "schema_migrations"."version" ASC[0m
  ↳ /home/mike/.rvm/gems/ruby-2.5.1@global/bin/rake:23
  [1m[35m (0.1ms)[0m  [1m[34mSELECT "schema_migrations"."version" FROM "schema_migrations" ORDER BY "schema_migrations"."version" ASC[0m
  ↳ /home/mike/.rvm/gems/ruby-2.5.1/bin/rake:23
Migrating to CreateRecipes (20190422174445)
  [1m[35m (0.0ms)[0m  [1m[36mbegin transaction[0m
  ↳ /home/mike/.rvm/gems/ruby-2.5.1/bin/rake:23
  [1m[35m (0.1ms)[0m  [1m[34mSELECT sqlite_version(*)[0m
  ↳ db/migrate/20190422174445_create_recipes.rb:3
  [1m[35m (0.3ms)[0m  [1m[35mCREATE TABLE "recipes" ("id" integer PRIMARY KEY AUTOINCREMENT NOT NULL, "name" varchar, "created_at" datetime NOT NULL, "updated_at" datetime NOT NULL)[0m
  ↳ db/migrate/20190422174445_create_recipes.rb:3
  [1m[36mActiveRecord::SchemaMigration Create (0.1ms)[0m  [1m[32mINSERT INTO "schema_migrations" ("version") VALUES (?)[0m  [["version", "20190422174445"]]
  ↳ /home/mike/.rvm/gems/ruby-2.5.1/bin/rake:23
  [1m[35m (27.1ms)[0m  [1m[36mcommit transaction[0m
  ↳ /home/mike/.rvm/gems/ruby-2.5.1/bin/rake:23
Migrating to CreateIngredients (20190422174604)
  [1m[35m (0.1ms)[0m  [1m[34mSELECT "schema_migrations"."version" FROM "schema_migrations" ORDER BY "schema_migrations"."version" ASC[0m
  ↳ /home/mike/.rvm/gems/ruby-2.5.1/bin/rake:23
Migrating to CreateIngredients (20190422174604)
  [1m[35m (0.1ms)[0m  [1m[36mbegin transaction[0m
  ↳ /home/mike/.rvm/gems/ruby-2.5.1/bin/rake:23
  [1m[35m (0.1ms)[0m  [1m[34mSELECT sqlite_version(*)[0m
  ↳ db/migrate/20190422174604_create_ingredients.rb:3
  [1m[35m (0.2ms)[0m  [1m[35mCREATE TABLE "ingredients" ("id" integer PRIMARY KEY AUTOINCREMENT NOT NULL, "recipe_id" integer, "ingredient" varchar, "amount" varchar, "created_at" datetime NOT NULL, "updated_at" datetime NOT NULL, CONSTRAINT "fk_rails_3ee351e1cd"
FOREIGN KEY ("recipe_id")
  REFERENCES "recipes" ("id")
)[0m
  ↳ db/migrate/20190422174604_create_ingredients.rb:3
  [1m[35m (0.2ms)[0m  [1m[35mCREATE  INDEX "index_ingredients_on_recipe_id" ON "ingredients" ("recipe_id")[0m
  ↳ db/migrate/20190422174604_create_ingredients.rb:3
  [1m[36mActiveRecord::SchemaMigration Create (0.2ms)[0m  [1m[32mINSERT INTO "schema_migrations" ("version") VALUES (?)[0m  [["version", "20190422174604"]]
  ↳ /home/mike/.rvm/gems/ruby-2.5.1/bin/rake:23
  [1m[35m (23.1ms)[0m  [1m[36mcommit transaction[0m
  ↳ /home/mike/.rvm/gems/ruby-2.5.1/bin/rake:23
Migrating to CreateSteps (20190422174626)
  [1m[35m (0.1ms)[0m  [1m[34mSELECT "schema_migrations"."version" FROM "schema_migrations" ORDER BY "schema_migrations"."version" ASC[0m
  ↳ /home/mike/.rvm/gems/ruby-2.5.1/bin/rake:23
Migrating to CreateSteps (20190422174626)
  [1m[35m (0.1ms)[0m  [1m[36mbegin transaction[0m
  ↳ /home/mike/.rvm/gems/ruby-2.5.1/bin/rake:23
  [1m[35m (0.1ms)[0m  [1m[34mSELECT sqlite_version(*)[0m
  ↳ db/migrate/20190422174626_create_steps.rb:3
  [1m[35m (0.2ms)[0m  [1m[35mCREATE TABLE "steps" ("id" integer PRIMARY KEY AUTOINCREMENT NOT NULL, "recipe_id" integer, "description" varchar, "created_at" datetime NOT NULL, "updated_at" datetime NOT NULL, CONSTRAINT "fk_rails_2619d9e771"
FOREIGN KEY ("recipe_id")
  REFERENCES "recipes" ("id")
)[0m
  ↳ db/migrate/20190422174626_create_steps.rb:3
  [1m[35m (0.1ms)[0m  [1m[35mCREATE  INDEX "index_steps_on_recipe_id" ON "steps" ("recipe_id")[0m
  ↳ db/migrate/20190422174626_create_steps.rb:3
  [1m[36mActiveRecord::SchemaMigration Create (0.2ms)[0m  [1m[32mINSERT INTO "schema_migrations" ("version") VALUES (?)[0m  [["version", "20190422174626"]]
  ↳ /home/mike/.rvm/gems/ruby-2.5.1/bin/rake:23
  [1m[35m (20.4ms)[0m  [1m[36mcommit transaction[0m
  ↳ /home/mike/.rvm/gems/ruby-2.5.1/bin/rake:23
  [1m[36mActiveRecord::InternalMetadata Load (0.2ms)[0m  [1m[34mSELECT  "ar_internal_metadata".* FROM "ar_internal_metadata" WHERE "ar_internal_metadata"."key" = ? LIMIT ?[0m  [["key", "environment"], ["LIMIT", 1]]
  ↳ /home/mike/.rvm/gems/ruby-2.5.1/bin/rake:23
  [1m[35m (0.1ms)[0m  [1m[36mbegin transaction[0m
  ↳ /home/mike/.rvm/gems/ruby-2.5.1/bin/rake:23
  [1m[35m (0.0ms)[0m  [1m[36mcommit transaction[0m
  ↳ /home/mike/.rvm/gems/ruby-2.5.1/bin/rake:23
  [1m[35m (0.1ms)[0m  [1m[34mSELECT "schema_migrations"."version" FROM "schema_migrations" ORDER BY "schema_migrations"."version" ASC[0m
  ↳ /home/mike/.rvm/gems/ruby-2.5.1/bin/rake:23
